<testsuites id="" name="" tests="1330" failures="0" skipped="1330" errors="0" time="0.6753720000000003">
<testsuite name="authentication.spec.js" timestamp="2025-08-24T13:53:16.825Z" hostname="chromium" tests="24" failures="0" skipped="24" time="0" errors="0">
<testcase name="Authentication Tests › Login Functionality › should successfully login with valid credentials" classname="authentication.spec.js" time="0">
<skipped>
</skipped>
</testcase>
<testcase name="Authentication Tests › Login Functionality › should remember user session after page refresh" classname="authentication.spec.js" time="0">
<skipped>
</skipped>
</testcase>
<testcase name="Authentication Tests › Login Functionality › should login with remember me option" classname="authentication.spec.js" time="0">
<skipped>
</skipped>
</testcase>
<testcase name="Authentication Tests › Login Functionality › should handle case-insensitive email login" classname="authentication.spec.js" time="0">
<skipped>
</skipped>
</testcase>
<testcase name="Authentication Tests › Login Functionality › should show loading state during login" classname="authentication.spec.js" time="0">
<skipped>
</skipped>
</testcase>
<testcase name="Authentication Tests › Login Validation and Error Handling › should show error for invalid email format" classname="authentication.spec.js" time="0">
<skipped>
</skipped>
</testcase>
<testcase name="Authentication Tests › Login Validation and Error Handling › should show error for empty credentials" classname="authentication.spec.js" time="0">
<skipped>
</skipped>
</testcase>
<testcase name="Authentication Tests › Login Validation and Error Handling › should show error for incorrect credentials" classname="authentication.spec.js" time="0">
<skipped>
</skipped>
</testcase>
<testcase name="Authentication Tests › Login Validation and Error Handling › should show error for correct email but wrong password" classname="authentication.spec.js" time="0">
<skipped>
</skipped>
</testcase>
<testcase name="Authentication Tests › Login Validation and Error Handling › should handle account lockout after multiple failed attempts" classname="authentication.spec.js" time="0">
<skipped>
</skipped>
</testcase>
<testcase name="Authentication Tests › Login Validation and Error Handling › should prevent SQL injection attacks" classname="authentication.spec.js" time="0">
<skipped>
</skipped>
</testcase>
<testcase name="Authentication Tests › Login Validation and Error Handling › should handle special characters in password" classname="authentication.spec.js" time="0">
<skipped>
</skipped>
</testcase>
<testcase name="Authentication Tests › Logout Functionality › should successfully logout user" classname="authentication.spec.js" time="0">
<skipped>
</skipped>
</testcase>
<testcase name="Authentication Tests › Logout Functionality › should clear session data on logout" classname="authentication.spec.js" time="0">
<skipped>
</skipped>
</testcase>
<testcase name="Authentication Tests › Logout Functionality › should handle logout from multiple tabs" classname="authentication.spec.js" time="0">
<skipped>
</skipped>
</testcase>
<testcase name="Authentication Tests › Logout Functionality › should show confirmation dialog for logout" classname="authentication.spec.js" time="0">
<skipped>
</skipped>
</testcase>
<testcase name="Authentication Tests › Session Management › should handle session timeout" classname="authentication.spec.js" time="0">
<skipped>
</skipped>
</testcase>
<testcase name="Authentication Tests › Session Management › should extend session on user activity" classname="authentication.spec.js" time="0">
<skipped>
</skipped>
</testcase>
<testcase name="Authentication Tests › Session Management › should handle concurrent login sessions" classname="authentication.spec.js" time="0">
<skipped>
</skipped>
</testcase>
<testcase name="Authentication Tests › Password Reset Flow › should navigate to forgot password page" classname="authentication.spec.js" time="0">
<skipped>
</skipped>
</testcase>
<testcase name="Authentication Tests › Password Reset Flow › should send password reset email" classname="authentication.spec.js" time="0">
<skipped>
</skipped>
</testcase>
<testcase name="Authentication Tests › Password Reset Flow › should show error for non-existent email in password reset" classname="authentication.spec.js" time="0">
<skipped>
</skipped>
</testcase>
<testcase name="Authentication Tests › Social Login Integration › should display social login options" classname="authentication.spec.js" time="0">
<skipped>
</skipped>
</testcase>
<testcase name="Authentication Tests › Social Login Integration › should handle Google login redirect" classname="authentication.spec.js" time="0">
<skipped>
</skipped>
</testcase>
</testsuite>
<testsuite name="checkout-process.spec.js" timestamp="2025-08-24T13:53:16.825Z" hostname="chromium" tests="27" failures="0" skipped="27" time="0" errors="0">
<testcase name="Checkout Process Tests › Checkout Flow - Logged In User › should complete successful checkout with valid data" classname="checkout-process.spec.js" time="0">
<skipped>
</skipped>
</testcase>
<testcase name="Checkout Process Tests › Checkout Flow - Logged In User › should use saved shipping address" classname="checkout-process.spec.js" time="0">
<skipped>
</skipped>
</testcase>
<testcase name="Checkout Process Tests › Checkout Flow - Logged In User › should use same address for billing and shipping" classname="checkout-process.spec.js" time="0">
<skipped>
</skipped>
</testcase>
<testcase name="Checkout Process Tests › Checkout Flow - Logged In User › should use different billing address" classname="checkout-process.spec.js" time="0">
<skipped>
</skipped>
</testcase>
<testcase name="Checkout Process Tests › Checkout Flow - Guest User › should complete guest checkout successfully" classname="checkout-process.spec.js" time="0">
<skipped>
</skipped>
</testcase>
<testcase name="Checkout Process Tests › Checkout Flow - Guest User › should offer account creation during guest checkout" classname="checkout-process.spec.js" time="0">
<skipped>
</skipped>
</testcase>
<testcase name="Checkout Process Tests › Payment Method Validation › should accept valid Visa card" classname="checkout-process.spec.js" time="0">
<skipped>
</skipped>
</testcase>
<testcase name="Checkout Process Tests › Payment Method Validation › should accept valid Mastercard" classname="checkout-process.spec.js" time="0">
<skipped>
</skipped>
</testcase>
<testcase name="Checkout Process Tests › Payment Method Validation › should accept valid American Express card" classname="checkout-process.spec.js" time="0">
<skipped>
</skipped>
</testcase>
<testcase name="Checkout Process Tests › Payment Method Validation › should reject declined card" classname="checkout-process.spec.js" time="0">
<skipped>
</skipped>
</testcase>
<testcase name="Checkout Process Tests › Payment Method Validation › should handle insufficient funds error" classname="checkout-process.spec.js" time="0">
<skipped>
</skipped>
</testcase>
<testcase name="Checkout Process Tests › Form Validation › should validate required shipping fields" classname="checkout-process.spec.js" time="0">
<skipped>
</skipped>
</testcase>
<testcase name="Checkout Process Tests › Form Validation › should validate payment information" classname="checkout-process.spec.js" time="0">
<skipped>
</skipped>
</testcase>
<testcase name="Checkout Process Tests › Form Validation › should validate ZIP code format" classname="checkout-process.spec.js" time="0">
<skipped>
</skipped>
</testcase>
<testcase name="Checkout Process Tests › Form Validation › should validate phone number format" classname="checkout-process.spec.js" time="0">
<skipped>
</skipped>
</testcase>
<testcase name="Checkout Process Tests › Form Validation › should validate credit card number format" classname="checkout-process.spec.js" time="0">
<skipped>
</skipped>
</testcase>
<testcase name="Checkout Process Tests › Form Validation › should validate expiry date" classname="checkout-process.spec.js" time="0">
<skipped>
</skipped>
</testcase>
<testcase name="Checkout Process Tests › Shipping Options › should display available shipping options" classname="checkout-process.spec.js" time="0">
<skipped>
</skipped>
</testcase>
<testcase name="Checkout Process Tests › Shipping Options › should select different shipping options" classname="checkout-process.spec.js" time="0">
<skipped>
</skipped>
</testcase>
<testcase name="Checkout Process Tests › Shipping Options › should show free shipping when eligible" classname="checkout-process.spec.js" time="0">
<skipped>
</skipped>
</testcase>
<testcase name="Checkout Process Tests › Order Review and Confirmation › should display order summary correctly" classname="checkout-process.spec.js" time="0">
<skipped>
</skipped>
</testcase>
<testcase name="Checkout Process Tests › Order Review and Confirmation › should allow editing cart from checkout" classname="checkout-process.spec.js" time="0">
<skipped>
</skipped>
</testcase>
<testcase name="Checkout Process Tests › Order Review and Confirmation › should show order confirmation after successful payment" classname="checkout-process.spec.js" time="0">
<skipped>
</skipped>
</testcase>
<testcase name="Checkout Process Tests › Order Review and Confirmation › should send order confirmation email" classname="checkout-process.spec.js" time="0">
<skipped>
</skipped>
</testcase>
<testcase name="Checkout Process Tests › Error Handling and Edge Cases › should handle payment processing timeout" classname="checkout-process.spec.js" time="0">
<skipped>
</skipped>
</testcase>
<testcase name="Checkout Process Tests › Error Handling and Edge Cases › should prevent double submission" classname="checkout-process.spec.js" time="0">
<skipped>
</skipped>
</testcase>
<testcase name="Checkout Process Tests › Error Handling and Edge Cases › should handle inventory changes during checkout" classname="checkout-process.spec.js" time="0">
<skipped>
</skipped>
</testcase>
</testsuite>
<testsuite name="cross-browser.spec.js" timestamp="2025-08-24T13:53:16.825Z" hostname="chromium" tests="16" failures="0" skipped="16" time="0" errors="0">
<testcase name="Cross-Browser Compatibility Tests › Core Functionality Across Browsers › should handle basic navigation in all browsers" classname="cross-browser.spec.js" time="0">
<skipped>
</skipped>
</testcase>
<testcase name="Cross-Browser Compatibility Tests › Core Functionality Across Browsers › should handle form submissions across browsers" classname="cross-browser.spec.js" time="0">
<skipped>
</skipped>
</testcase>
<testcase name="Cross-Browser Compatibility Tests › Core Functionality Across Browsers › should handle JavaScript events consistently" classname="cross-browser.spec.js" time="0">
<skipped>
</skipped>
</testcase>
<testcase name="Cross-Browser Compatibility Tests › Core Functionality Across Browsers › should handle AJAX requests across browsers" classname="cross-browser.spec.js" time="0">
<skipped>
</skipped>
</testcase>
<testcase name="Cross-Browser Compatibility Tests › CSS and Layout Compatibility › should render layouts consistently across browsers" classname="cross-browser.spec.js" time="0">
<skipped>
</skipped>
</testcase>
<testcase name="Cross-Browser Compatibility Tests › CSS and Layout Compatibility › should handle CSS Grid and Flexbox consistently" classname="cross-browser.spec.js" time="0">
<skipped>
</skipped>
</testcase>
<testcase name="Cross-Browser Compatibility Tests › CSS and Layout Compatibility › should handle animations and transitions" classname="cross-browser.spec.js" time="0">
<skipped>
</skipped>
</testcase>
<testcase name="Cross-Browser Compatibility Tests › JavaScript API Compatibility › should handle localStorage across browsers" classname="cross-browser.spec.js" time="0">
<skipped>
</skipped>
</testcase>
<testcase name="Cross-Browser Compatibility Tests › JavaScript API Compatibility › should handle sessionStorage across browsers" classname="cross-browser.spec.js" time="0">
<skipped>
</skipped>
</testcase>
<testcase name="Cross-Browser Compatibility Tests › JavaScript API Compatibility › should handle cookies across browsers" classname="cross-browser.spec.js" time="0">
<skipped>
</skipped>
</testcase>
<testcase name="Cross-Browser Compatibility Tests › JavaScript API Compatibility › should handle fetch/XMLHttpRequest across browsers" classname="cross-browser.spec.js" time="0">
<skipped>
</skipped>
</testcase>
<testcase name="Cross-Browser Compatibility Tests › Input and Form Handling › should handle different input types across browsers" classname="cross-browser.spec.js" time="0">
<skipped>
</skipped>
</testcase>
<testcase name="Cross-Browser Compatibility Tests › Input and Form Handling › should handle form autofill across browsers" classname="cross-browser.spec.js" time="0">
<skipped>
</skipped>
</testcase>
<testcase name="Cross-Browser Compatibility Tests › Input and Form Handling › should handle file uploads across browsers" classname="cross-browser.spec.js" time="0">
<skipped>
</skipped>
</testcase>
<testcase name="Cross-Browser Compatibility Tests › Error Handling Across Browsers › should handle network errors consistently" classname="cross-browser.spec.js" time="0">
<skipped>
</skipped>
</testcase>
<testcase name="Cross-Browser Compatibility Tests › Error Handling Across Browsers › should handle JavaScript errors gracefully" classname="cross-browser.spec.js" time="0">
<skipped>
</skipped>
</testcase>
</testsuite>
<testsuite name="ecommerce-comprehensive.spec.js" timestamp="2025-08-24T13:53:16.825Z" hostname="chromium" tests="10" failures="0" skipped="10" time="0" errors="0">
<testcase name="E-commerce Comprehensive Tests › should load homepage and verify basic elements" classname="ecommerce-comprehensive.spec.js" time="0">
<skipped>
</skipped>
</testcase>
<testcase name="E-commerce Comprehensive Tests › should successfully login and verify product catalog" classname="ecommerce-comprehensive.spec.js" time="0">
<skipped>
</skipped>
</testcase>
<testcase name="E-commerce Comprehensive Tests › should show validation errors for empty login form" classname="ecommerce-comprehensive.spec.js" time="0">
<skipped>
</skipped>
</testcase>
<testcase name="E-commerce Comprehensive Tests › should sort products by different criteria" classname="ecommerce-comprehensive.spec.js" time="0">
<skipped>
</skipped>
</testcase>
<testcase name="E-commerce Comprehensive Tests › should view product details" classname="ecommerce-comprehensive.spec.js" time="0">
<skipped>
</skipped>
</testcase>
<testcase name="E-commerce Comprehensive Tests › should add product to cart" classname="ecommerce-comprehensive.spec.js" time="0">
<skipped>
</skipped>
</testcase>
<testcase name="E-commerce Comprehensive Tests › should view shopping cart" classname="ecommerce-comprehensive.spec.js" time="0">
<skipped>
</skipped>
</testcase>
<testcase name="E-commerce Comprehensive Tests › should navigate to checkout" classname="ecommerce-comprehensive.spec.js" time="0">
<skipped>
</skipped>
</testcase>
<testcase name="E-commerce Comprehensive Tests › should complete checkout process" classname="ecommerce-comprehensive.spec.js" time="0">
<skipped>
</skipped>
</testcase>
<testcase name="E-commerce Comprehensive Tests › should show validation on checkout form" classname="ecommerce-comprehensive.spec.js" time="0">
<skipped>
</skipped>
</testcase>
</testsuite>
<testsuite name="example.spec.js" timestamp="2025-08-24T13:53:16.825Z" hostname="chromium" tests="7" failures="0" skipped="7" time="0" errors="0">
<testcase name="E-commerce Application - Framework Demo › should demonstrate basic test setup and navigation" classname="example.spec.js" time="0">
<skipped>
</skipped>
</testcase>
<testcase name="E-commerce Application - Framework Demo › should demonstrate mobile responsive testing" classname="example.spec.js" time="0">
<skipped>
</skipped>
</testcase>
<testcase name="E-commerce Application - Framework Demo › should demonstrate API integration testing" classname="example.spec.js" time="0">
<skipped>
</skipped>
</testcase>
<testcase name="E-commerce Application - Framework Demo › should demonstrate error handling and recovery" classname="example.spec.js" time="0">
<skipped>
</skipped>
</testcase>
<testcase name="E-commerce Application - Framework Demo › should demonstrate test data management" classname="example.spec.js" time="0">
<skipped>
</skipped>
</testcase>
<testcase name="E-commerce Application - Framework Demo › should demonstrate authenticated user fixture" classname="example.spec.js" time="0">
<properties>
<property name="skip" value="">
</property>
</properties>
<skipped>
</skipped>
</testcase>
<testcase name="E-commerce Application - Framework Demo › should demonstrate shopping cart fixture" classname="example.spec.js" time="0">
<properties>
<property name="skip" value="">
</property>
</properties>
<skipped>
</skipped>
</testcase>
</testsuite>
<testsuite name="magento-demo.spec.js" timestamp="2025-08-24T13:53:16.825Z" hostname="chromium" tests="8" failures="0" skipped="8" time="0" errors="0">
<testcase name="SauceDemo E-commerce Tests › should load SauceDemo homepage successfully" classname="magento-demo.spec.js" time="0">
<skipped>
</skipped>
</testcase>
<testcase name="SauceDemo E-commerce Tests › should successfully login with valid credentials" classname="magento-demo.spec.js" time="0">
<skipped>
</skipped>
</testcase>
<testcase name="SauceDemo E-commerce Tests › should display product catalog correctly" classname="magento-demo.spec.js" time="0">
<skipped>
</skipped>
</testcase>
<testcase name="SauceDemo E-commerce Tests › should show validation errors for empty login" classname="magento-demo.spec.js" time="0">
<skipped>
</skipped>
</testcase>
<testcase name="SauceDemo E-commerce Tests › should add product to cart successfully" classname="magento-demo.spec.js" time="0">
<skipped>
</skipped>
</testcase>
<testcase name="SauceDemo E-commerce Tests › should navigate to cart and display items" classname="magento-demo.spec.js" time="0">
<skipped>
</skipped>
</testcase>
<testcase name="SauceDemo E-commerce Tests › should proceed to checkout" classname="magento-demo.spec.js" time="0">
<skipped>
</skipped>
</testcase>
<testcase name="SauceDemo E-commerce Tests › should complete full checkout process" classname="magento-demo.spec.js" time="0">
<skipped>
</skipped>
</testcase>
</testsuite>
<testsuite name="page-object-framework-demo.spec.js" timestamp="2025-08-24T13:53:16.825Z" hostname="chromium" tests="6" failures="0" skipped="6" time="0" errors="0">
<testcase name="Page Object Framework Demo › should demonstrate page object instantiation and basic methods" classname="page-object-framework-demo.spec.js" time="0">
<skipped>
</skipped>
</testcase>
<testcase name="Page Object Framework Demo › should demonstrate page object methods and selectors" classname="page-object-framework-demo.spec.js" time="0">
<skipped>
</skipped>
</testcase>
<testcase name="Page Object Framework Demo › should demonstrate component functionality" classname="page-object-framework-demo.spec.js" time="0">
<skipped>
</skipped>
</testcase>
<testcase name="Page Object Framework Demo › should demonstrate data-driven testing capabilities" classname="page-object-framework-demo.spec.js" time="0">
<skipped>
</skipped>
</testcase>
<testcase name="Page Object Framework Demo › should demonstrate error handling and graceful degradation" classname="page-object-framework-demo.spec.js" time="0">
<skipped>
</skipped>
</testcase>
<testcase name="Page Object Framework Demo › should demonstrate complete framework integration" classname="page-object-framework-demo.spec.js" time="0">
<skipped>
</skipped>
</testcase>
</testsuite>
<testsuite name="product-search.spec.js" timestamp="2025-08-24T13:53:16.825Z" hostname="chromium" tests="28" failures="0" skipped="28" time="0" errors="0">
<testcase name="Product Search and Filtering Tests › Product Search Functionality › should search products by name successfully" classname="product-search.spec.js" time="0">
<skipped>
</skipped>
</testcase>
<testcase name="Product Search and Filtering Tests › Product Search Functionality › should search products by partial name match" classname="product-search.spec.js" time="0">
<skipped>
</skipped>
</testcase>
<testcase name="Product Search and Filtering Tests › Product Search Functionality › should handle case-insensitive search" classname="product-search.spec.js" time="0">
<skipped>
</skipped>
</testcase>
<testcase name="Product Search and Filtering Tests › Product Search Functionality › should show no results for non-existent products" classname="product-search.spec.js" time="0">
<skipped>
</skipped>
</testcase>
<testcase name="Product Search and Filtering Tests › Product Search Functionality › should handle special characters in search" classname="product-search.spec.js" time="0">
<skipped>
</skipped>
</testcase>
<testcase name="Product Search and Filtering Tests › Product Search Functionality › should provide search suggestions/autocomplete" classname="product-search.spec.js" time="0">
<skipped>
</skipped>
</testcase>
<testcase name="Product Search and Filtering Tests › Product Search Functionality › should maintain search term in URL and allow bookmarking" classname="product-search.spec.js" time="0">
<skipped>
</skipped>
</testcase>
<testcase name="Product Search and Filtering Tests › Product Search Functionality › should clear search results" classname="product-search.spec.js" time="0">
<skipped>
</skipped>
</testcase>
<testcase name="Product Search and Filtering Tests › Product Filtering › should filter products by category" classname="product-search.spec.js" time="0">
<skipped>
</skipped>
</testcase>
<testcase name="Product Search and Filtering Tests › Product Filtering › should filter products by price range" classname="product-search.spec.js" time="0">
<skipped>
</skipped>
</testcase>
<testcase name="Product Search and Filtering Tests › Product Filtering › should filter products by rating" classname="product-search.spec.js" time="0">
<skipped>
</skipped>
</testcase>
<testcase name="Product Search and Filtering Tests › Product Filtering › should filter products by availability" classname="product-search.spec.js" time="0">
<skipped>
</skipped>
</testcase>
<testcase name="Product Search and Filtering Tests › Product Filtering › should apply multiple filters simultaneously" classname="product-search.spec.js" time="0">
<skipped>
</skipped>
</testcase>
<testcase name="Product Search and Filtering Tests › Product Filtering › should show active filter indicators" classname="product-search.spec.js" time="0">
<skipped>
</skipped>
</testcase>
<testcase name="Product Search and Filtering Tests › Product Filtering › should remove individual filters" classname="product-search.spec.js" time="0">
<skipped>
</skipped>
</testcase>
<testcase name="Product Search and Filtering Tests › Product Filtering › should clear all filters" classname="product-search.spec.js" time="0">
<skipped>
</skipped>
</testcase>
<testcase name="Product Search and Filtering Tests › Search and Filter Combination › should combine search with category filter" classname="product-search.spec.js" time="0">
<skipped>
</skipped>
</testcase>
<testcase name="Product Search and Filtering Tests › Search and Filter Combination › should combine search with price filter" classname="product-search.spec.js" time="0">
<skipped>
</skipped>
</testcase>
<testcase name="Product Search and Filtering Tests › Search and Filter Combination › should maintain filters when performing new search" classname="product-search.spec.js" time="0">
<skipped>
</skipped>
</testcase>
<testcase name="Product Search and Filtering Tests › Sorting and Display Options › should sort products by price (low to high)" classname="product-search.spec.js" time="0">
<skipped>
</skipped>
</testcase>
<testcase name="Product Search and Filtering Tests › Sorting and Display Options › should sort products by price (high to low)" classname="product-search.spec.js" time="0">
<skipped>
</skipped>
</testcase>
<testcase name="Product Search and Filtering Tests › Sorting and Display Options › should sort products by rating" classname="product-search.spec.js" time="0">
<skipped>
</skipped>
</testcase>
<testcase name="Product Search and Filtering Tests › Sorting and Display Options › should sort products by name (A-Z)" classname="product-search.spec.js" time="0">
<skipped>
</skipped>
</testcase>
<testcase name="Product Search and Filtering Tests › Sorting and Display Options › should change product display view (grid/list)" classname="product-search.spec.js" time="0">
<skipped>
</skipped>
</testcase>
<testcase name="Product Search and Filtering Tests › Sorting and Display Options › should change number of products per page" classname="product-search.spec.js" time="0">
<skipped>
</skipped>
</testcase>
<testcase name="Product Search and Filtering Tests › Performance and UX › should show loading state during search" classname="product-search.spec.js" time="0">
<skipped>
</skipped>
</testcase>
<testcase name="Product Search and Filtering Tests › Performance and UX › should debounce search input" classname="product-search.spec.js" time="0">
<skipped>
</skipped>
</testcase>
<testcase name="Product Search and Filtering Tests › Performance and UX › should handle rapid filter changes" classname="product-search.spec.js" time="0">
<skipped>
</skipped>
</testcase>
</testsuite>
<testsuite name="responsive-design.spec.js" timestamp="2025-08-24T13:53:16.825Z" hostname="chromium" tests="47" failures="0" skipped="47" time="0" errors="0">
<testcase name="Responsive Design Tests › Navigation Responsiveness › should display responsive navigation on Desktop" classname="responsive-design.spec.js" time="0">
<skipped>
</skipped>
</testcase>
<testcase name="Responsive Design Tests › Navigation Responsiveness › should display responsive navigation on Laptop" classname="responsive-design.spec.js" time="0">
<skipped>
</skipped>
</testcase>
<testcase name="Responsive Design Tests › Navigation Responsiveness › should display responsive navigation on Tablet Portrait" classname="responsive-design.spec.js" time="0">
<skipped>
</skipped>
</testcase>
<testcase name="Responsive Design Tests › Navigation Responsiveness › should display responsive navigation on Tablet Landscape" classname="responsive-design.spec.js" time="0">
<skipped>
</skipped>
</testcase>
<testcase name="Responsive Design Tests › Navigation Responsiveness › should display responsive navigation on Mobile Large" classname="responsive-design.spec.js" time="0">
<skipped>
</skipped>
</testcase>
<testcase name="Responsive Design Tests › Navigation Responsiveness › should display responsive navigation on Mobile Medium" classname="responsive-design.spec.js" time="0">
<skipped>
</skipped>
</testcase>
<testcase name="Responsive Design Tests › Navigation Responsiveness › should display responsive navigation on Mobile Small" classname="responsive-design.spec.js" time="0">
<skipped>
</skipped>
</testcase>
<testcase name="Responsive Design Tests › Navigation Responsiveness › should handle navigation transitions smoothly" classname="responsive-design.spec.js" time="0">
<skipped>
</skipped>
</testcase>
<testcase name="Responsive Design Tests › Product Catalog Responsiveness › should display product grid responsively on Desktop" classname="responsive-design.spec.js" time="0">
<skipped>
</skipped>
</testcase>
<testcase name="Responsive Design Tests › Product Catalog Responsiveness › should display product grid responsively on Laptop" classname="responsive-design.spec.js" time="0">
<skipped>
</skipped>
</testcase>
<testcase name="Responsive Design Tests › Product Catalog Responsiveness › should display product grid responsively on Tablet Portrait" classname="responsive-design.spec.js" time="0">
<skipped>
</skipped>
</testcase>
<testcase name="Responsive Design Tests › Product Catalog Responsiveness › should display product grid responsively on Tablet Landscape" classname="responsive-design.spec.js" time="0">
<skipped>
</skipped>
</testcase>
<testcase name="Responsive Design Tests › Product Catalog Responsiveness › should display product grid responsively on Mobile Large" classname="responsive-design.spec.js" time="0">
<skipped>
</skipped>
</testcase>
<testcase name="Responsive Design Tests › Product Catalog Responsiveness › should display product grid responsively on Mobile Medium" classname="responsive-design.spec.js" time="0">
<skipped>
</skipped>
</testcase>
<testcase name="Responsive Design Tests › Product Catalog Responsiveness › should display product grid responsively on Mobile Small" classname="responsive-design.spec.js" time="0">
<skipped>
</skipped>
</testcase>
<testcase name="Responsive Design Tests › Product Catalog Responsiveness › should handle product filtering on mobile devices" classname="responsive-design.spec.js" time="0">
<skipped>
</skipped>
</testcase>
<testcase name="Responsive Design Tests › Product Catalog Responsiveness › should handle search functionality on mobile" classname="responsive-design.spec.js" time="0">
<skipped>
</skipped>
</testcase>
<testcase name="Responsive Design Tests › Shopping Cart Responsiveness › should display shopping cart responsively on Desktop" classname="responsive-design.spec.js" time="0">
<skipped>
</skipped>
</testcase>
<testcase name="Responsive Design Tests › Shopping Cart Responsiveness › should display shopping cart responsively on Laptop" classname="responsive-design.spec.js" time="0">
<skipped>
</skipped>
</testcase>
<testcase name="Responsive Design Tests › Shopping Cart Responsiveness › should display shopping cart responsively on Tablet Portrait" classname="responsive-design.spec.js" time="0">
<skipped>
</skipped>
</testcase>
<testcase name="Responsive Design Tests › Shopping Cart Responsiveness › should display shopping cart responsively on Tablet Landscape" classname="responsive-design.spec.js" time="0">
<skipped>
</skipped>
</testcase>
<testcase name="Responsive Design Tests › Shopping Cart Responsiveness › should display shopping cart responsively on Mobile Large" classname="responsive-design.spec.js" time="0">
<skipped>
</skipped>
</testcase>
<testcase name="Responsive Design Tests › Shopping Cart Responsiveness › should display shopping cart responsively on Mobile Medium" classname="responsive-design.spec.js" time="0">
<skipped>
</skipped>
</testcase>
<testcase name="Responsive Design Tests › Shopping Cart Responsiveness › should display shopping cart responsively on Mobile Small" classname="responsive-design.spec.js" time="0">
<skipped>
</skipped>
</testcase>
<testcase name="Responsive Design Tests › Shopping Cart Responsiveness › should handle cart operations on touch devices" classname="responsive-design.spec.js" time="0">
<skipped>
</skipped>
</testcase>
<testcase name="Responsive Design Tests › Checkout Process Responsiveness › should display checkout form responsively on Desktop" classname="responsive-design.spec.js" time="0">
<skipped>
</skipped>
</testcase>
<testcase name="Responsive Design Tests › Checkout Process Responsiveness › should display checkout form responsively on Laptop" classname="responsive-design.spec.js" time="0">
<skipped>
</skipped>
</testcase>
<testcase name="Responsive Design Tests › Checkout Process Responsiveness › should display checkout form responsively on Tablet Portrait" classname="responsive-design.spec.js" time="0">
<skipped>
</skipped>
</testcase>
<testcase name="Responsive Design Tests › Checkout Process Responsiveness › should display checkout form responsively on Tablet Landscape" classname="responsive-design.spec.js" time="0">
<skipped>
</skipped>
</testcase>
<testcase name="Responsive Design Tests › Checkout Process Responsiveness › should display checkout form responsively on Mobile Large" classname="responsive-design.spec.js" time="0">
<skipped>
</skipped>
</testcase>
<testcase name="Responsive Design Tests › Checkout Process Responsiveness › should display checkout form responsively on Mobile Medium" classname="responsive-design.spec.js" time="0">
<skipped>
</skipped>
</testcase>
<testcase name="Responsive Design Tests › Checkout Process Responsiveness › should display checkout form responsively on Mobile Small" classname="responsive-design.spec.js" time="0">
<skipped>
</skipped>
</testcase>
<testcase name="Responsive Design Tests › Checkout Process Responsiveness › should handle payment form on mobile devices" classname="responsive-design.spec.js" time="0">
<skipped>
</skipped>
</testcase>
<testcase name="Responsive Design Tests › Form Interactions on Touch Devices › should handle form inputs with touch interactions" classname="responsive-design.spec.js" time="0">
<skipped>
</skipped>
</testcase>
<testcase name="Responsive Design Tests › Form Interactions on Touch Devices › should handle dropdown menus on touch devices" classname="responsive-design.spec.js" time="0">
<skipped>
</skipped>
</testcase>
<testcase name="Responsive Design Tests › Content Overflow and Scrolling › should handle content overflow on small screens" classname="responsive-design.spec.js" time="0">
<skipped>
</skipped>
</testcase>
<testcase name="Responsive Design Tests › Content Overflow and Scrolling › should handle long product names and descriptions" classname="responsive-design.spec.js" time="0">
<skipped>
</skipped>
</testcase>
<testcase name="Responsive Design Tests › Image Responsiveness › should display images responsively on Desktop" classname="responsive-design.spec.js" time="0">
<skipped>
</skipped>
</testcase>
<testcase name="Responsive Design Tests › Image Responsiveness › should display images responsively on Laptop" classname="responsive-design.spec.js" time="0">
<skipped>
</skipped>
</testcase>
<testcase name="Responsive Design Tests › Image Responsiveness › should display images responsively on Tablet Portrait" classname="responsive-design.spec.js" time="0">
<skipped>
</skipped>
</testcase>
<testcase name="Responsive Design Tests › Image Responsiveness › should display images responsively on Tablet Landscape" classname="responsive-design.spec.js" time="0">
<skipped>
</skipped>
</testcase>
<testcase name="Responsive Design Tests › Image Responsiveness › should display images responsively on Mobile Large" classname="responsive-design.spec.js" time="0">
<skipped>
</skipped>
</testcase>
<testcase name="Responsive Design Tests › Image Responsiveness › should display images responsively on Mobile Medium" classname="responsive-design.spec.js" time="0">
<skipped>
</skipped>
</testcase>
<testcase name="Responsive Design Tests › Image Responsiveness › should display images responsively on Mobile Small" classname="responsive-design.spec.js" time="0">
<skipped>
</skipped>
</testcase>
<testcase name="Responsive Design Tests › Image Responsiveness › should lazy load images on mobile devices" classname="responsive-design.spec.js" time="0">
<skipped>
</skipped>
</testcase>
<testcase name="Responsive Design Tests › Performance on Mobile Devices › should load quickly on mobile networks" classname="responsive-design.spec.js" time="0">
<skipped>
</skipped>
</testcase>
<testcase name="Responsive Design Tests › Performance on Mobile Devices › should handle touch gestures" classname="responsive-design.spec.js" time="0">
<skipped>
</skipped>
</testcase>
</testsuite>
<testsuite name="shopping-cart.spec.js" timestamp="2025-08-24T13:53:16.825Z" hostname="chromium" tests="27" failures="0" skipped="27" time="0" errors="0">
<testcase name="Shopping Cart Tests › Add to Cart Functionality › should add single product to cart" classname="shopping-cart.spec.js" time="0">
<skipped>
</skipped>
</testcase>
<testcase name="Shopping Cart Tests › Add to Cart Functionality › should add multiple different products to cart" classname="shopping-cart.spec.js" time="0">
<skipped>
</skipped>
</testcase>
<testcase name="Shopping Cart Tests › Add to Cart Functionality › should add same product multiple times" classname="shopping-cart.spec.js" time="0">
<skipped>
</skipped>
</testcase>
<testcase name="Shopping Cart Tests › Add to Cart Functionality › should show add to cart confirmation" classname="shopping-cart.spec.js" time="0">
<skipped>
</skipped>
</testcase>
<testcase name="Shopping Cart Tests › Add to Cart Functionality › should handle out of stock products" classname="shopping-cart.spec.js" time="0">
<skipped>
</skipped>
</testcase>
<testcase name="Shopping Cart Tests › Add to Cart Functionality › should respect maximum quantity limits" classname="shopping-cart.spec.js" time="0">
<skipped>
</skipped>
</testcase>
<testcase name="Shopping Cart Tests › Update Cart Functionality › should update product quantity in cart" classname="shopping-cart.spec.js" time="0">
<skipped>
</skipped>
</testcase>
<testcase name="Shopping Cart Tests › Update Cart Functionality › should update quantity using increment/decrement buttons" classname="shopping-cart.spec.js" time="0">
<skipped>
</skipped>
</testcase>
<testcase name="Shopping Cart Tests › Update Cart Functionality › should prevent quantity from going below 1" classname="shopping-cart.spec.js" time="0">
<skipped>
</skipped>
</testcase>
<testcase name="Shopping Cart Tests › Update Cart Functionality › should update cart totals when quantity changes" classname="shopping-cart.spec.js" time="0">
<skipped>
</skipped>
</testcase>
<testcase name="Shopping Cart Tests › Update Cart Functionality › should handle invalid quantity input" classname="shopping-cart.spec.js" time="0">
<skipped>
</skipped>
</testcase>
<testcase name="Shopping Cart Tests › Remove from Cart Functionality › should remove single product from cart" classname="shopping-cart.spec.js" time="0">
<skipped>
</skipped>
</testcase>
<testcase name="Shopping Cart Tests › Remove from Cart Functionality › should show confirmation before removing product" classname="shopping-cart.spec.js" time="0">
<skipped>
</skipped>
</testcase>
<testcase name="Shopping Cart Tests › Remove from Cart Functionality › should clear entire cart" classname="shopping-cart.spec.js" time="0">
<skipped>
</skipped>
</testcase>
<testcase name="Shopping Cart Tests › Remove from Cart Functionality › should handle removing last item from cart" classname="shopping-cart.spec.js" time="0">
<skipped>
</skipped>
</testcase>
<testcase name="Shopping Cart Tests › Cart Calculations › should calculate subtotal correctly" classname="shopping-cart.spec.js" time="0">
<skipped>
</skipped>
</testcase>
<testcase name="Shopping Cart Tests › Cart Calculations › should calculate tax correctly" classname="shopping-cart.spec.js" time="0">
<skipped>
</skipped>
</testcase>
<testcase name="Shopping Cart Tests › Cart Calculations › should calculate shipping correctly" classname="shopping-cart.spec.js" time="0">
<skipped>
</skipped>
</testcase>
<testcase name="Shopping Cart Tests › Cart Calculations › should apply free shipping threshold" classname="shopping-cart.spec.js" time="0">
<skipped>
</skipped>
</testcase>
<testcase name="Shopping Cart Tests › Cart Calculations › should show free shipping progress" classname="shopping-cart.spec.js" time="0">
<skipped>
</skipped>
</testcase>
<testcase name="Shopping Cart Tests › Cart Persistence and State › should persist cart across page refreshes" classname="shopping-cart.spec.js" time="0">
<skipped>
</skipped>
</testcase>
<testcase name="Shopping Cart Tests › Cart Persistence and State › should persist cart across browser sessions" classname="shopping-cart.spec.js" time="0">
<skipped>
</skipped>
</testcase>
<testcase name="Shopping Cart Tests › Cart Persistence and State › should merge cart when user logs in" classname="shopping-cart.spec.js" time="0">
<skipped>
</skipped>
</testcase>
<testcase name="Shopping Cart Tests › Cart UI and UX › should show loading state during cart operations" classname="shopping-cart.spec.js" time="0">
<skipped>
</skipped>
</testcase>
<testcase name="Shopping Cart Tests › Cart UI and UX › should show cart item count in navigation" classname="shopping-cart.spec.js" time="0">
<skipped>
</skipped>
</testcase>
<testcase name="Shopping Cart Tests › Cart UI and UX › should provide continue shopping functionality" classname="shopping-cart.spec.js" time="0">
<skipped>
</skipped>
</testcase>
<testcase name="Shopping Cart Tests › Cart UI and UX › should show product details in cart" classname="shopping-cart.spec.js" time="0">
<skipped>
</skipped>
</testcase>
</testsuite>
<testsuite name="simple.spec.js" timestamp="2025-08-24T13:53:16.825Z" hostname="chromium" tests="2" failures="0" skipped="2" time="0" errors="0">
<testcase name="simple test to verify setup" classname="simple.spec.js" time="0">
<skipped>
</skipped>
</testcase>
<testcase name="basic navigation test" classname="simple.spec.js" time="0">
<skipped>
</skipped>
</testcase>
</testsuite>
<testsuite name="smoke.spec.js" timestamp="2025-08-24T13:53:16.825Z" hostname="chromium" tests="3" failures="0" skipped="3" time="0" errors="0">
<testcase name="Smoke Tests › should load a working page" classname="smoke.spec.js" time="0">
<skipped>
</skipped>
</testcase>
<testcase name="Smoke Tests › should have basic navigation" classname="smoke.spec.js" time="0">
<skipped>
</skipped>
</testcase>
<testcase name="Smoke Tests › should handle multiple browsers" classname="smoke.spec.js" time="0">
<skipped>
</skipped>
</testcase>
</testsuite>
<testsuite name="test-data-demo.spec.js" timestamp="2025-08-24T13:53:16.825Z" hostname="chromium" tests="9" failures="0" skipped="9" time="0" errors="0">
<testcase name="Test Data Management System Demo › should load and use fixture data for user registration" classname="test-data-demo.spec.js" time="0">
<skipped>
</skipped>
</testcase>
<testcase name="Test Data Management System Demo › should generate unique user data dynamically" classname="test-data-demo.spec.js" time="0">
<skipped>
</skipped>
</testcase>
<testcase name="Test Data Management System Demo › should handle product test data scenarios" classname="test-data-demo.spec.js" time="0">
<skipped>
</skipped>
</testcase>
<testcase name="Test Data Management System Demo › should create complete scenario data for shopping cart" classname="test-data-demo.spec.js" time="0">
<skipped>
</skipped>
</testcase>
<testcase name="Test Data Management System Demo › should handle checkout scenarios with payment methods" classname="test-data-demo.spec.js" time="0">
<skipped>
</skipped>
</testcase>
<testcase name="Test Data Management System Demo › should generate bulk test data efficiently" classname="test-data-demo.spec.js" time="0">
<skipped>
</skipped>
</testcase>
<testcase name="Test Data Management System Demo › should create custom test data requirements" classname="test-data-demo.spec.js" time="0">
<skipped>
</skipped>
</testcase>
<testcase name="Test Data Management System Demo › should provide test data statistics and environment info" classname="test-data-demo.spec.js" time="0">
<skipped>
</skipped>
</testcase>
<testcase name="Test Data Management System Demo › should handle data validation and error scenarios" classname="test-data-demo.spec.js" time="0">
<skipped>
</skipped>
</testcase>
</testsuite>
<testsuite name="todomvc-demo.spec.js" timestamp="2025-08-24T13:53:16.825Z" hostname="chromium" tests="5" failures="0" skipped="5" time="0" errors="0">
<testcase name="TodoMVC Demo Tests › should load TodoMVC application successfully" classname="todomvc-demo.spec.js" time="0">
<skipped>
</skipped>
</testcase>
<testcase name="TodoMVC Demo Tests › should add a new todo item" classname="todomvc-demo.spec.js" time="0">
<skipped>
</skipped>
</testcase>
<testcase name="TodoMVC Demo Tests › should mark todo as completed" classname="todomvc-demo.spec.js" time="0">
<skipped>
</skipped>
</testcase>
<testcase name="TodoMVC Demo Tests › should filter todos by status" classname="todomvc-demo.spec.js" time="0">
<skipped>
</skipped>
</testcase>
<testcase name="TodoMVC Demo Tests › should demonstrate error handling" classname="todomvc-demo.spec.js" time="0">
<skipped>
</skipped>
</testcase>
</testsuite>
<testsuite name="user-registration.spec.js" timestamp="2025-08-24T13:53:16.825Z" hostname="chromium" tests="19" failures="0" skipped="19" time="0" errors="0">
<testcase name="User Registration Tests › Positive Registration Scenarios › should successfully register a new user with valid data" classname="user-registration.spec.js" time="0">
<skipped>
</skipped>
</testcase>
<testcase name="User Registration Tests › Positive Registration Scenarios › should register user with minimal required fields only" classname="user-registration.spec.js" time="0">
<skipped>
</skipped>
</testcase>
<testcase name="User Registration Tests › Positive Registration Scenarios › should register user with all optional fields filled" classname="user-registration.spec.js" time="0">
<skipped>
</skipped>
</testcase>
<testcase name="User Registration Tests › Positive Registration Scenarios › should handle special characters in name fields" classname="user-registration.spec.js" time="0">
<skipped>
</skipped>
</testcase>
<testcase name="User Registration Tests › Positive Registration Scenarios › should register user with international phone number" classname="user-registration.spec.js" time="0">
<skipped>
</skipped>
</testcase>
<testcase name="User Registration Tests › Negative Registration Scenarios › should show validation errors for empty required fields" classname="user-registration.spec.js" time="0">
<skipped>
</skipped>
</testcase>
<testcase name="User Registration Tests › Negative Registration Scenarios › should show error for invalid email format" classname="user-registration.spec.js" time="0">
<skipped>
</skipped>
</testcase>
<testcase name="User Registration Tests › Negative Registration Scenarios › should show error for weak password" classname="user-registration.spec.js" time="0">
<skipped>
</skipped>
</testcase>
<testcase name="User Registration Tests › Negative Registration Scenarios › should show error for mismatched password confirmation" classname="user-registration.spec.js" time="0">
<skipped>
</skipped>
</testcase>
<testcase name="User Registration Tests › Negative Registration Scenarios › should show error for existing email address" classname="user-registration.spec.js" time="0">
<skipped>
</skipped>
</testcase>
<testcase name="User Registration Tests › Negative Registration Scenarios › should show error for invalid phone number format" classname="user-registration.spec.js" time="0">
<skipped>
</skipped>
</testcase>
<testcase name="User Registration Tests › Negative Registration Scenarios › should show error for names that are too long" classname="user-registration.spec.js" time="0">
<skipped>
</skipped>
</testcase>
<testcase name="User Registration Tests › Negative Registration Scenarios › should prevent registration with malicious input (XSS)" classname="user-registration.spec.js" time="0">
<skipped>
</skipped>
</testcase>
<testcase name="User Registration Tests › Registration Form Validation › should show real-time validation for email field" classname="user-registration.spec.js" time="0">
<skipped>
</skipped>
</testcase>
<testcase name="User Registration Tests › Registration Form Validation › should show password strength indicator" classname="user-registration.spec.js" time="0">
<skipped>
</skipped>
</testcase>
<testcase name="User Registration Tests › Registration Form Validation › should toggle password visibility" classname="user-registration.spec.js" time="0">
<skipped>
</skipped>
</testcase>
<testcase name="User Registration Tests › Registration Flow Integration › should redirect to login page after successful registration" classname="user-registration.spec.js" time="0">
<skipped>
</skipped>
</testcase>
<testcase name="User Registration Tests › Registration Flow Integration › should allow user to login immediately after registration" classname="user-registration.spec.js" time="0">
<skipped>
</skipped>
</testcase>
<testcase name="User Registration Tests › Registration Flow Integration › should handle registration during checkout flow" classname="user-registration.spec.js" time="0">
<skipped>
</skipped>
</testcase>
</testsuite>
<testsuite name="visual-regression.spec.js" timestamp="2025-08-24T13:53:16.825Z" hostname="chromium" tests="28" failures="0" skipped="28" time="0" errors="0">
<testcase name="Visual Regression Tests › Homepage Visual Tests › should match homepage layout across browsers" classname="visual-regression.spec.js" time="0">
<skipped>
</skipped>
</testcase>
<testcase name="Visual Regression Tests › Homepage Visual Tests › should match homepage header across viewports" classname="visual-regression.spec.js" time="0">
<skipped>
</skipped>
</testcase>
<testcase name="Visual Regression Tests › Homepage Visual Tests › should match navigation menu states" classname="visual-regression.spec.js" time="0">
<skipped>
</skipped>
</testcase>
<testcase name="Visual Regression Tests › Product Catalog Visual Tests › should match product grid layout" classname="visual-regression.spec.js" time="0">
<skipped>
</skipped>
</testcase>
<testcase name="Visual Regression Tests › Product Catalog Visual Tests › should match individual product cards" classname="visual-regression.spec.js" time="0">
<skipped>
</skipped>
</testcase>
<testcase name="Visual Regression Tests › Product Catalog Visual Tests › should match search results layout" classname="visual-regression.spec.js" time="0">
<skipped>
</skipped>
</testcase>
<testcase name="Visual Regression Tests › Product Catalog Visual Tests › should match filter sidebar" classname="visual-regression.spec.js" time="0">
<skipped>
</skipped>
</testcase>
<testcase name="Visual Regression Tests › Shopping Cart Visual Tests › should match empty cart state" classname="visual-regression.spec.js" time="0">
<skipped>
</skipped>
</testcase>
<testcase name="Visual Regression Tests › Shopping Cart Visual Tests › should match cart with items" classname="visual-regression.spec.js" time="0">
<skipped>
</skipped>
</testcase>
<testcase name="Visual Regression Tests › Shopping Cart Visual Tests › should match cart item components" classname="visual-regression.spec.js" time="0">
<skipped>
</skipped>
</testcase>
<testcase name="Visual Regression Tests › Checkout Process Visual Tests › should match checkout form layout" classname="visual-regression.spec.js" time="0">
<skipped>
</skipped>
</testcase>
<testcase name="Visual Regression Tests › Checkout Process Visual Tests › should match form validation states" classname="visual-regression.spec.js" time="0">
<skipped>
</skipped>
</testcase>
<testcase name="Visual Regression Tests › Checkout Process Visual Tests › should match payment form" classname="visual-regression.spec.js" time="0">
<skipped>
</skipped>
</testcase>
<testcase name="Visual Regression Tests › Form Elements Visual Tests › should match login form" classname="visual-regression.spec.js" time="0">
<skipped>
</skipped>
</testcase>
<testcase name="Visual Regression Tests › Form Elements Visual Tests › should match form input states" classname="visual-regression.spec.js" time="0">
<skipped>
</skipped>
</testcase>
<testcase name="Visual Regression Tests › Form Elements Visual Tests › should match button states" classname="visual-regression.spec.js" time="0">
<skipped>
</skipped>
</testcase>
<testcase name="Visual Regression Tests › Responsive Visual Tests › should match layout on desktop-xl" classname="visual-regression.spec.js" time="0">
<skipped>
</skipped>
</testcase>
<testcase name="Visual Regression Tests › Responsive Visual Tests › should match layout on desktop" classname="visual-regression.spec.js" time="0">
<skipped>
</skipped>
</testcase>
<testcase name="Visual Regression Tests › Responsive Visual Tests › should match layout on tablet-landscape" classname="visual-regression.spec.js" time="0">
<skipped>
</skipped>
</testcase>
<testcase name="Visual Regression Tests › Responsive Visual Tests › should match layout on tablet-portrait" classname="visual-regression.spec.js" time="0">
<skipped>
</skipped>
</testcase>
<testcase name="Visual Regression Tests › Responsive Visual Tests › should match layout on mobile-large" classname="visual-regression.spec.js" time="0">
<skipped>
</skipped>
</testcase>
<testcase name="Visual Regression Tests › Responsive Visual Tests › should match layout on mobile-medium" classname="visual-regression.spec.js" time="0">
<skipped>
</skipped>
</testcase>
<testcase name="Visual Regression Tests › Responsive Visual Tests › should match layout on mobile-small" classname="visual-regression.spec.js" time="0">
<skipped>
</skipped>
</testcase>
<testcase name="Visual Regression Tests › Responsive Visual Tests › should match mobile navigation menu" classname="visual-regression.spec.js" time="0">
<skipped>
</skipped>
</testcase>
<testcase name="Visual Regression Tests › Error State Visual Tests › should match 404 error page" classname="visual-regression.spec.js" time="0">
<skipped>
</skipped>
</testcase>
<testcase name="Visual Regression Tests › Error State Visual Tests › should match network error states" classname="visual-regression.spec.js" time="0">
<skipped>
</skipped>
</testcase>
<testcase name="Visual Regression Tests › Loading State Visual Tests › should match loading indicators" classname="visual-regression.spec.js" time="0">
<skipped>
</skipped>
</testcase>
<testcase name="Visual Regression Tests › Loading State Visual Tests › should match skeleton loading states" classname="visual-regression.spec.js" time="0">
<skipped>
</skipped>
</testcase>
</testsuite>
<testsuite name="authentication.spec.js" timestamp="2025-08-24T13:53:16.825Z" hostname="mobile-chrome" tests="24" failures="0" skipped="24" time="0" errors="0">
<testcase name="Authentication Tests › Login Functionality › should successfully login with valid credentials" classname="authentication.spec.js" time="0">
<skipped>
</skipped>
</testcase>
<testcase name="Authentication Tests › Login Functionality › should remember user session after page refresh" classname="authentication.spec.js" time="0">
<skipped>
</skipped>
</testcase>
<testcase name="Authentication Tests › Login Functionality › should login with remember me option" classname="authentication.spec.js" time="0">
<skipped>
</skipped>
</testcase>
<testcase name="Authentication Tests › Login Functionality › should handle case-insensitive email login" classname="authentication.spec.js" time="0">
<skipped>
</skipped>
</testcase>
<testcase name="Authentication Tests › Login Functionality › should show loading state during login" classname="authentication.spec.js" time="0">
<skipped>
</skipped>
</testcase>
<testcase name="Authentication Tests › Login Validation and Error Handling › should show error for invalid email format" classname="authentication.spec.js" time="0">
<skipped>
</skipped>
</testcase>
<testcase name="Authentication Tests › Login Validation and Error Handling › should show error for empty credentials" classname="authentication.spec.js" time="0">
<skipped>
</skipped>
</testcase>
<testcase name="Authentication Tests › Login Validation and Error Handling › should show error for incorrect credentials" classname="authentication.spec.js" time="0">
<skipped>
</skipped>
</testcase>
<testcase name="Authentication Tests › Login Validation and Error Handling › should show error for correct email but wrong password" classname="authentication.spec.js" time="0">
<skipped>
</skipped>
</testcase>
<testcase name="Authentication Tests › Login Validation and Error Handling › should handle account lockout after multiple failed attempts" classname="authentication.spec.js" time="0">
<skipped>
</skipped>
</testcase>
<testcase name="Authentication Tests › Login Validation and Error Handling › should prevent SQL injection attacks" classname="authentication.spec.js" time="0">
<skipped>
</skipped>
</testcase>
<testcase name="Authentication Tests › Login Validation and Error Handling › should handle special characters in password" classname="authentication.spec.js" time="0">
<skipped>
</skipped>
</testcase>
<testcase name="Authentication Tests › Logout Functionality › should successfully logout user" classname="authentication.spec.js" time="0">
<skipped>
</skipped>
</testcase>
<testcase name="Authentication Tests › Logout Functionality › should clear session data on logout" classname="authentication.spec.js" time="0">
<skipped>
</skipped>
</testcase>
<testcase name="Authentication Tests › Logout Functionality › should handle logout from multiple tabs" classname="authentication.spec.js" time="0">
<skipped>
</skipped>
</testcase>
<testcase name="Authentication Tests › Logout Functionality › should show confirmation dialog for logout" classname="authentication.spec.js" time="0">
<skipped>
</skipped>
</testcase>
<testcase name="Authentication Tests › Session Management › should handle session timeout" classname="authentication.spec.js" time="0">
<skipped>
</skipped>
</testcase>
<testcase name="Authentication Tests › Session Management › should extend session on user activity" classname="authentication.spec.js" time="0">
<skipped>
</skipped>
</testcase>
<testcase name="Authentication Tests › Session Management › should handle concurrent login sessions" classname="authentication.spec.js" time="0">
<skipped>
</skipped>
</testcase>
<testcase name="Authentication Tests › Password Reset Flow › should navigate to forgot password page" classname="authentication.spec.js" time="0">
<skipped>
</skipped>
</testcase>
<testcase name="Authentication Tests › Password Reset Flow › should send password reset email" classname="authentication.spec.js" time="0">
<skipped>
</skipped>
</testcase>
<testcase name="Authentication Tests › Password Reset Flow › should show error for non-existent email in password reset" classname="authentication.spec.js" time="0">
<skipped>
</skipped>
</testcase>
<testcase name="Authentication Tests › Social Login Integration › should display social login options" classname="authentication.spec.js" time="0">
<skipped>
</skipped>
</testcase>
<testcase name="Authentication Tests › Social Login Integration › should handle Google login redirect" classname="authentication.spec.js" time="0">
<skipped>
</skipped>
</testcase>
</testsuite>
<testsuite name="checkout-process.spec.js" timestamp="2025-08-24T13:53:16.825Z" hostname="mobile-chrome" tests="27" failures="0" skipped="27" time="0" errors="0">
<testcase name="Checkout Process Tests › Checkout Flow - Logged In User › should complete successful checkout with valid data" classname="checkout-process.spec.js" time="0">
<skipped>
</skipped>
</testcase>
<testcase name="Checkout Process Tests › Checkout Flow - Logged In User › should use saved shipping address" classname="checkout-process.spec.js" time="0">
<skipped>
</skipped>
</testcase>
<testcase name="Checkout Process Tests › Checkout Flow - Logged In User › should use same address for billing and shipping" classname="checkout-process.spec.js" time="0">
<skipped>
</skipped>
</testcase>
<testcase name="Checkout Process Tests › Checkout Flow - Logged In User › should use different billing address" classname="checkout-process.spec.js" time="0">
<skipped>
</skipped>
</testcase>
<testcase name="Checkout Process Tests › Checkout Flow - Guest User › should complete guest checkout successfully" classname="checkout-process.spec.js" time="0">
<skipped>
</skipped>
</testcase>
<testcase name="Checkout Process Tests › Checkout Flow - Guest User › should offer account creation during guest checkout" classname="checkout-process.spec.js" time="0">
<skipped>
</skipped>
</testcase>
<testcase name="Checkout Process Tests › Payment Method Validation › should accept valid Visa card" classname="checkout-process.spec.js" time="0">
<skipped>
</skipped>
</testcase>
<testcase name="Checkout Process Tests › Payment Method Validation › should accept valid Mastercard" classname="checkout-process.spec.js" time="0">
<skipped>
</skipped>
</testcase>
<testcase name="Checkout Process Tests › Payment Method Validation › should accept valid American Express card" classname="checkout-process.spec.js" time="0">
<skipped>
</skipped>
</testcase>
<testcase name="Checkout Process Tests › Payment Method Validation › should reject declined card" classname="checkout-process.spec.js" time="0">
<skipped>
</skipped>
</testcase>
<testcase name="Checkout Process Tests › Payment Method Validation › should handle insufficient funds error" classname="checkout-process.spec.js" time="0">
<skipped>
</skipped>
</testcase>
<testcase name="Checkout Process Tests › Form Validation › should validate required shipping fields" classname="checkout-process.spec.js" time="0">
<skipped>
</skipped>
</testcase>
<testcase name="Checkout Process Tests › Form Validation › should validate payment information" classname="checkout-process.spec.js" time="0">
<skipped>
</skipped>
</testcase>
<testcase name="Checkout Process Tests › Form Validation › should validate ZIP code format" classname="checkout-process.spec.js" time="0">
<skipped>
</skipped>
</testcase>
<testcase name="Checkout Process Tests › Form Validation › should validate phone number format" classname="checkout-process.spec.js" time="0">
<skipped>
</skipped>
</testcase>
<testcase name="Checkout Process Tests › Form Validation › should validate credit card number format" classname="checkout-process.spec.js" time="0">
<skipped>
</skipped>
</testcase>
<testcase name="Checkout Process Tests › Form Validation › should validate expiry date" classname="checkout-process.spec.js" time="0">
<skipped>
</skipped>
</testcase>
<testcase name="Checkout Process Tests › Shipping Options › should display available shipping options" classname="checkout-process.spec.js" time="0">
<skipped>
</skipped>
</testcase>
<testcase name="Checkout Process Tests › Shipping Options › should select different shipping options" classname="checkout-process.spec.js" time="0">
<skipped>
</skipped>
</testcase>
<testcase name="Checkout Process Tests › Shipping Options › should show free shipping when eligible" classname="checkout-process.spec.js" time="0">
<skipped>
</skipped>
</testcase>
<testcase name="Checkout Process Tests › Order Review and Confirmation › should display order summary correctly" classname="checkout-process.spec.js" time="0">
<skipped>
</skipped>
</testcase>
<testcase name="Checkout Process Tests › Order Review and Confirmation › should allow editing cart from checkout" classname="checkout-process.spec.js" time="0">
<skipped>
</skipped>
</testcase>
<testcase name="Checkout Process Tests › Order Review and Confirmation › should show order confirmation after successful payment" classname="checkout-process.spec.js" time="0">
<skipped>
</skipped>
</testcase>
<testcase name="Checkout Process Tests › Order Review and Confirmation › should send order confirmation email" classname="checkout-process.spec.js" time="0">
<skipped>
</skipped>
</testcase>
<testcase name="Checkout Process Tests › Error Handling and Edge Cases › should handle payment processing timeout" classname="checkout-process.spec.js" time="0">
<skipped>
</skipped>
</testcase>
<testcase name="Checkout Process Tests › Error Handling and Edge Cases › should prevent double submission" classname="checkout-process.spec.js" time="0">
<skipped>
</skipped>
</testcase>
<testcase name="Checkout Process Tests › Error Handling and Edge Cases › should handle inventory changes during checkout" classname="checkout-process.spec.js" time="0">
<skipped>
</skipped>
</testcase>
</testsuite>
<testsuite name="cross-browser.spec.js" timestamp="2025-08-24T13:53:16.825Z" hostname="mobile-chrome" tests="16" failures="0" skipped="16" time="0" errors="0">
<testcase name="Cross-Browser Compatibility Tests › Core Functionality Across Browsers › should handle basic navigation in all browsers" classname="cross-browser.spec.js" time="0">
<skipped>
</skipped>
</testcase>
<testcase name="Cross-Browser Compatibility Tests › Core Functionality Across Browsers › should handle form submissions across browsers" classname="cross-browser.spec.js" time="0">
<skipped>
</skipped>
</testcase>
<testcase name="Cross-Browser Compatibility Tests › Core Functionality Across Browsers › should handle JavaScript events consistently" classname="cross-browser.spec.js" time="0">
<skipped>
</skipped>
</testcase>
<testcase name="Cross-Browser Compatibility Tests › Core Functionality Across Browsers › should handle AJAX requests across browsers" classname="cross-browser.spec.js" time="0">
<skipped>
</skipped>
</testcase>
<testcase name="Cross-Browser Compatibility Tests › CSS and Layout Compatibility › should render layouts consistently across browsers" classname="cross-browser.spec.js" time="0">
<skipped>
</skipped>
</testcase>
<testcase name="Cross-Browser Compatibility Tests › CSS and Layout Compatibility › should handle CSS Grid and Flexbox consistently" classname="cross-browser.spec.js" time="0">
<skipped>
</skipped>
</testcase>
<testcase name="Cross-Browser Compatibility Tests › CSS and Layout Compatibility › should handle animations and transitions" classname="cross-browser.spec.js" time="0">
<skipped>
</skipped>
</testcase>
<testcase name="Cross-Browser Compatibility Tests › JavaScript API Compatibility › should handle localStorage across browsers" classname="cross-browser.spec.js" time="0">
<skipped>
</skipped>
</testcase>
<testcase name="Cross-Browser Compatibility Tests › JavaScript API Compatibility › should handle sessionStorage across browsers" classname="cross-browser.spec.js" time="0">
<skipped>
</skipped>
</testcase>
<testcase name="Cross-Browser Compatibility Tests › JavaScript API Compatibility › should handle cookies across browsers" classname="cross-browser.spec.js" time="0">
<skipped>
</skipped>
</testcase>
<testcase name="Cross-Browser Compatibility Tests › JavaScript API Compatibility › should handle fetch/XMLHttpRequest across browsers" classname="cross-browser.spec.js" time="0">
<skipped>
</skipped>
</testcase>
<testcase name="Cross-Browser Compatibility Tests › Input and Form Handling › should handle different input types across browsers" classname="cross-browser.spec.js" time="0">
<skipped>
</skipped>
</testcase>
<testcase name="Cross-Browser Compatibility Tests › Input and Form Handling › should handle form autofill across browsers" classname="cross-browser.spec.js" time="0">
<skipped>
</skipped>
</testcase>
<testcase name="Cross-Browser Compatibility Tests › Input and Form Handling › should handle file uploads across browsers" classname="cross-browser.spec.js" time="0">
<skipped>
</skipped>
</testcase>
<testcase name="Cross-Browser Compatibility Tests › Error Handling Across Browsers › should handle network errors consistently" classname="cross-browser.spec.js" time="0">
<skipped>
</skipped>
</testcase>
<testcase name="Cross-Browser Compatibility Tests › Error Handling Across Browsers › should handle JavaScript errors gracefully" classname="cross-browser.spec.js" time="0">
<skipped>
</skipped>
</testcase>
</testsuite>
<testsuite name="ecommerce-comprehensive.spec.js" timestamp="2025-08-24T13:53:16.825Z" hostname="mobile-chrome" tests="10" failures="0" skipped="10" time="0" errors="0">
<testcase name="E-commerce Comprehensive Tests › should load homepage and verify basic elements" classname="ecommerce-comprehensive.spec.js" time="0">
<skipped>
</skipped>
</testcase>
<testcase name="E-commerce Comprehensive Tests › should successfully login and verify product catalog" classname="ecommerce-comprehensive.spec.js" time="0">
<skipped>
</skipped>
</testcase>
<testcase name="E-commerce Comprehensive Tests › should show validation errors for empty login form" classname="ecommerce-comprehensive.spec.js" time="0">
<skipped>
</skipped>
</testcase>
<testcase name="E-commerce Comprehensive Tests › should sort products by different criteria" classname="ecommerce-comprehensive.spec.js" time="0">
<skipped>
</skipped>
</testcase>
<testcase name="E-commerce Comprehensive Tests › should view product details" classname="ecommerce-comprehensive.spec.js" time="0">
<skipped>
</skipped>
</testcase>
<testcase name="E-commerce Comprehensive Tests › should add product to cart" classname="ecommerce-comprehensive.spec.js" time="0">
<skipped>
</skipped>
</testcase>
<testcase name="E-commerce Comprehensive Tests › should view shopping cart" classname="ecommerce-comprehensive.spec.js" time="0">
<skipped>
</skipped>
</testcase>
<testcase name="E-commerce Comprehensive Tests › should navigate to checkout" classname="ecommerce-comprehensive.spec.js" time="0">
<skipped>
</skipped>
</testcase>
<testcase name="E-commerce Comprehensive Tests › should complete checkout process" classname="ecommerce-comprehensive.spec.js" time="0">
<skipped>
</skipped>
</testcase>
<testcase name="E-commerce Comprehensive Tests › should show validation on checkout form" classname="ecommerce-comprehensive.spec.js" time="0">
<skipped>
</skipped>
</testcase>
</testsuite>
<testsuite name="example.spec.js" timestamp="2025-08-24T13:53:16.825Z" hostname="mobile-chrome" tests="7" failures="0" skipped="7" time="0" errors="0">
<testcase name="E-commerce Application - Framework Demo › should demonstrate basic test setup and navigation" classname="example.spec.js" time="0">
<skipped>
</skipped>
</testcase>
<testcase name="E-commerce Application - Framework Demo › should demonstrate mobile responsive testing" classname="example.spec.js" time="0">
<skipped>
</skipped>
</testcase>
<testcase name="E-commerce Application - Framework Demo › should demonstrate API integration testing" classname="example.spec.js" time="0">
<skipped>
</skipped>
</testcase>
<testcase name="E-commerce Application - Framework Demo › should demonstrate error handling and recovery" classname="example.spec.js" time="0">
<skipped>
</skipped>
</testcase>
<testcase name="E-commerce Application - Framework Demo › should demonstrate test data management" classname="example.spec.js" time="0">
<skipped>
</skipped>
</testcase>
<testcase name="E-commerce Application - Framework Demo › should demonstrate authenticated user fixture" classname="example.spec.js" time="0">
<properties>
<property name="skip" value="">
</property>
</properties>
<skipped>
</skipped>
</testcase>
<testcase name="E-commerce Application - Framework Demo › should demonstrate shopping cart fixture" classname="example.spec.js" time="0">
<properties>
<property name="skip" value="">
</property>
</properties>
<skipped>
</skipped>
</testcase>
</testsuite>
<testsuite name="magento-demo.spec.js" timestamp="2025-08-24T13:53:16.825Z" hostname="mobile-chrome" tests="8" failures="0" skipped="8" time="0" errors="0">
<testcase name="SauceDemo E-commerce Tests › should load SauceDemo homepage successfully" classname="magento-demo.spec.js" time="0">
<skipped>
</skipped>
</testcase>
<testcase name="SauceDemo E-commerce Tests › should successfully login with valid credentials" classname="magento-demo.spec.js" time="0">
<skipped>
</skipped>
</testcase>
<testcase name="SauceDemo E-commerce Tests › should display product catalog correctly" classname="magento-demo.spec.js" time="0">
<skipped>
</skipped>
</testcase>
<testcase name="SauceDemo E-commerce Tests › should show validation errors for empty login" classname="magento-demo.spec.js" time="0">
<skipped>
</skipped>
</testcase>
<testcase name="SauceDemo E-commerce Tests › should add product to cart successfully" classname="magento-demo.spec.js" time="0">
<skipped>
</skipped>
</testcase>
<testcase name="SauceDemo E-commerce Tests › should navigate to cart and display items" classname="magento-demo.spec.js" time="0">
<skipped>
</skipped>
</testcase>
<testcase name="SauceDemo E-commerce Tests › should proceed to checkout" classname="magento-demo.spec.js" time="0">
<skipped>
</skipped>
</testcase>
<testcase name="SauceDemo E-commerce Tests › should complete full checkout process" classname="magento-demo.spec.js" time="0">
<skipped>
</skipped>
</testcase>
</testsuite>
<testsuite name="page-object-framework-demo.spec.js" timestamp="2025-08-24T13:53:16.825Z" hostname="mobile-chrome" tests="6" failures="0" skipped="6" time="0" errors="0">
<testcase name="Page Object Framework Demo › should demonstrate page object instantiation and basic methods" classname="page-object-framework-demo.spec.js" time="0">
<skipped>
</skipped>
</testcase>
<testcase name="Page Object Framework Demo › should demonstrate page object methods and selectors" classname="page-object-framework-demo.spec.js" time="0">
<skipped>
</skipped>
</testcase>
<testcase name="Page Object Framework Demo › should demonstrate component functionality" classname="page-object-framework-demo.spec.js" time="0">
<skipped>
</skipped>
</testcase>
<testcase name="Page Object Framework Demo › should demonstrate data-driven testing capabilities" classname="page-object-framework-demo.spec.js" time="0">
<skipped>
</skipped>
</testcase>
<testcase name="Page Object Framework Demo › should demonstrate error handling and graceful degradation" classname="page-object-framework-demo.spec.js" time="0">
<skipped>
</skipped>
</testcase>
<testcase name="Page Object Framework Demo › should demonstrate complete framework integration" classname="page-object-framework-demo.spec.js" time="0">
<skipped>
</skipped>
</testcase>
</testsuite>
<testsuite name="product-search.spec.js" timestamp="2025-08-24T13:53:16.825Z" hostname="mobile-chrome" tests="28" failures="0" skipped="28" time="0" errors="0">
<testcase name="Product Search and Filtering Tests › Product Search Functionality › should search products by name successfully" classname="product-search.spec.js" time="0">
<skipped>
</skipped>
</testcase>
<testcase name="Product Search and Filtering Tests › Product Search Functionality › should search products by partial name match" classname="product-search.spec.js" time="0">
<skipped>
</skipped>
</testcase>
<testcase name="Product Search and Filtering Tests › Product Search Functionality › should handle case-insensitive search" classname="product-search.spec.js" time="0">
<skipped>
</skipped>
</testcase>
<testcase name="Product Search and Filtering Tests › Product Search Functionality › should show no results for non-existent products" classname="product-search.spec.js" time="0">
<skipped>
</skipped>
</testcase>
<testcase name="Product Search and Filtering Tests › Product Search Functionality › should handle special characters in search" classname="product-search.spec.js" time="0">
<skipped>
</skipped>
</testcase>
<testcase name="Product Search and Filtering Tests › Product Search Functionality › should provide search suggestions/autocomplete" classname="product-search.spec.js" time="0">
<skipped>
</skipped>
</testcase>
<testcase name="Product Search and Filtering Tests › Product Search Functionality › should maintain search term in URL and allow bookmarking" classname="product-search.spec.js" time="0">
<skipped>
</skipped>
</testcase>
<testcase name="Product Search and Filtering Tests › Product Search Functionality › should clear search results" classname="product-search.spec.js" time="0">
<skipped>
</skipped>
</testcase>
<testcase name="Product Search and Filtering Tests › Product Filtering › should filter products by category" classname="product-search.spec.js" time="0">
<skipped>
</skipped>
</testcase>
<testcase name="Product Search and Filtering Tests › Product Filtering › should filter products by price range" classname="product-search.spec.js" time="0">
<skipped>
</skipped>
</testcase>
<testcase name="Product Search and Filtering Tests › Product Filtering › should filter products by rating" classname="product-search.spec.js" time="0">
<skipped>
</skipped>
</testcase>
<testcase name="Product Search and Filtering Tests › Product Filtering › should filter products by availability" classname="product-search.spec.js" time="0">
<skipped>
</skipped>
</testcase>
<testcase name="Product Search and Filtering Tests › Product Filtering › should apply multiple filters simultaneously" classname="product-search.spec.js" time="0">
<skipped>
</skipped>
</testcase>
<testcase name="Product Search and Filtering Tests › Product Filtering › should show active filter indicators" classname="product-search.spec.js" time="0">
<skipped>
</skipped>
</testcase>
<testcase name="Product Search and Filtering Tests › Product Filtering › should remove individual filters" classname="product-search.spec.js" time="0">
<skipped>
</skipped>
</testcase>
<testcase name="Product Search and Filtering Tests › Product Filtering › should clear all filters" classname="product-search.spec.js" time="0">
<skipped>
</skipped>
</testcase>
<testcase name="Product Search and Filtering Tests › Search and Filter Combination › should combine search with category filter" classname="product-search.spec.js" time="0">
<skipped>
</skipped>
</testcase>
<testcase name="Product Search and Filtering Tests › Search and Filter Combination › should combine search with price filter" classname="product-search.spec.js" time="0">
<skipped>
</skipped>
</testcase>
<testcase name="Product Search and Filtering Tests › Search and Filter Combination › should maintain filters when performing new search" classname="product-search.spec.js" time="0">
<skipped>
</skipped>
</testcase>
<testcase name="Product Search and Filtering Tests › Sorting and Display Options › should sort products by price (low to high)" classname="product-search.spec.js" time="0">
<skipped>
</skipped>
</testcase>
<testcase name="Product Search and Filtering Tests › Sorting and Display Options › should sort products by price (high to low)" classname="product-search.spec.js" time="0">
<skipped>
</skipped>
</testcase>
<testcase name="Product Search and Filtering Tests › Sorting and Display Options › should sort products by rating" classname="product-search.spec.js" time="0">
<skipped>
</skipped>
</testcase>
<testcase name="Product Search and Filtering Tests › Sorting and Display Options › should sort products by name (A-Z)" classname="product-search.spec.js" time="0">
<skipped>
</skipped>
</testcase>
<testcase name="Product Search and Filtering Tests › Sorting and Display Options › should change product display view (grid/list)" classname="product-search.spec.js" time="0">
<skipped>
</skipped>
</testcase>
<testcase name="Product Search and Filtering Tests › Sorting and Display Options › should change number of products per page" classname="product-search.spec.js" time="0">
<skipped>
</skipped>
</testcase>
<testcase name="Product Search and Filtering Tests › Performance and UX › should show loading state during search" classname="product-search.spec.js" time="0">
<skipped>
</skipped>
</testcase>
<testcase name="Product Search and Filtering Tests › Performance and UX › should debounce search input" classname="product-search.spec.js" time="0">
<skipped>
</skipped>
</testcase>
<testcase name="Product Search and Filtering Tests › Performance and UX › should handle rapid filter changes" classname="product-search.spec.js" time="0">
<skipped>
</skipped>
</testcase>
</testsuite>
<testsuite name="responsive-design.spec.js" timestamp="2025-08-24T13:53:16.825Z" hostname="mobile-chrome" tests="47" failures="0" skipped="47" time="0" errors="0">
<testcase name="Responsive Design Tests › Navigation Responsiveness › should display responsive navigation on Desktop" classname="responsive-design.spec.js" time="0">
<skipped>
</skipped>
</testcase>
<testcase name="Responsive Design Tests › Navigation Responsiveness › should display responsive navigation on Laptop" classname="responsive-design.spec.js" time="0">
<skipped>
</skipped>
</testcase>
<testcase name="Responsive Design Tests › Navigation Responsiveness › should display responsive navigation on Tablet Portrait" classname="responsive-design.spec.js" time="0">
<skipped>
</skipped>
</testcase>
<testcase name="Responsive Design Tests › Navigation Responsiveness › should display responsive navigation on Tablet Landscape" classname="responsive-design.spec.js" time="0">
<skipped>
</skipped>
</testcase>
[...]
<skipped>
</skipped>
</testcase>
<testcase name="Responsive Design Tests › Image Responsiveness › should display images responsively on Laptop" classname="responsive-design.spec.js" time="0">
<skipped>
</skipped>
</testcase>
<testcase name="Responsive Design Tests › Image Responsiveness › should display images responsively on Tablet Portrait" classname="responsive-design.spec.js" time="0">
<skipped>
</skipped>
</testcase>
<testcase name="Responsive Design Tests › Image Responsiveness › should display images responsively on Tablet Landscape" classname="responsive-design.spec.js" time="0">
<skipped>
</skipped>
</testcase>
<testcase name="Responsive Design Tests › Image Responsiveness › should display images responsively on Mobile Large" classname="responsive-design.spec.js" time="0">
<skipped>
</skipped>
</testcase>
<testcase name="Responsive Design Tests › Image Responsiveness › should display images responsively on Mobile Medium" classname="responsive-design.spec.js" time="0">
<skipped>
</skipped>
</testcase>
<testcase name="Responsive Design Tests › Image Responsiveness › should display images responsively on Mobile Small" classname="responsive-design.spec.js" time="0">
<skipped>
</skipped>
</testcase>
<testcase name="Responsive Design Tests › Image Responsiveness › should lazy load images on mobile devices" classname="responsive-design.spec.js" time="0">
<skipped>
</skipped>
</testcase>
<testcase name="Responsive Design Tests › Performance on Mobile Devices › should load quickly on mobile networks" classname="responsive-design.spec.js" time="0">
<skipped>
</skipped>
</testcase>
<testcase name="Responsive Design Tests › Performance on Mobile Devices › should handle touch gestures" classname="responsive-design.spec.js" time="0">
<skipped>
</skipped>
</testcase>
</testsuite>
<testsuite name="shopping-cart.spec.js" timestamp="2025-08-24T13:53:16.825Z" hostname="edge" tests="27" failures="0" skipped="27" time="0" errors="0">
<testcase name="Shopping Cart Tests › Add to Cart Functionality › should add single product to cart" classname="shopping-cart.spec.js" time="0">
<skipped>
</skipped>
</testcase>
<testcase name="Shopping Cart Tests › Add to Cart Functionality › should add multiple different products to cart" classname="shopping-cart.spec.js" time="0">
<skipped>
</skipped>
</testcase>
<testcase name="Shopping Cart Tests › Add to Cart Functionality › should add same product multiple times" classname="shopping-cart.spec.js" time="0">
<skipped>
</skipped>
</testcase>
<testcase name="Shopping Cart Tests › Add to Cart Functionality › should show add to cart confirmation" classname="shopping-cart.spec.js" time="0">
<skipped>
</skipped>
</testcase>
<testcase name="Shopping Cart Tests › Add to Cart Functionality › should handle out of stock products" classname="shopping-cart.spec.js" time="0">
<skipped>
</skipped>
</testcase>
<testcase name="Shopping Cart Tests › Add to Cart Functionality › should respect maximum quantity limits" classname="shopping-cart.spec.js" time="0">
<skipped>
</skipped>
</testcase>
<testcase name="Shopping Cart Tests › Update Cart Functionality › should update product quantity in cart" classname="shopping-cart.spec.js" time="0">
<skipped>
</skipped>
</testcase>
<testcase name="Shopping Cart Tests › Update Cart Functionality › should update quantity using increment/decrement buttons" classname="shopping-cart.spec.js" time="0">
<skipped>
</skipped>
</testcase>
<testcase name="Shopping Cart Tests › Update Cart Functionality › should prevent quantity from going below 1" classname="shopping-cart.spec.js" time="0">
<skipped>
</skipped>
</testcase>
<testcase name="Shopping Cart Tests › Update Cart Functionality › should update cart totals when quantity changes" classname="shopping-cart.spec.js" time="0">
<skipped>
</skipped>
</testcase>
<testcase name="Shopping Cart Tests › Update Cart Functionality › should handle invalid quantity input" classname="shopping-cart.spec.js" time="0">
<skipped>
</skipped>
</testcase>
<testcase name="Shopping Cart Tests › Remove from Cart Functionality › should remove single product from cart" classname="shopping-cart.spec.js" time="0">
<skipped>
</skipped>
</testcase>
<testcase name="Shopping Cart Tests › Remove from Cart Functionality › should show confirmation before removing product" classname="shopping-cart.spec.js" time="0">
<skipped>
</skipped>
</testcase>
<testcase name="Shopping Cart Tests › Remove from Cart Functionality › should clear entire cart" classname="shopping-cart.spec.js" time="0">
<skipped>
</skipped>
</testcase>
<testcase name="Shopping Cart Tests › Remove from Cart Functionality › should handle removing last item from cart" classname="shopping-cart.spec.js" time="0">
<skipped>
</skipped>
</testcase>
<testcase name="Shopping Cart Tests › Cart Calculations › should calculate subtotal correctly" classname="shopping-cart.spec.js" time="0">
<skipped>
</skipped>
</testcase>
<testcase name="Shopping Cart Tests › Cart Calculations › should calculate tax correctly" classname="shopping-cart.spec.js" time="0">
<skipped>
</skipped>
</testcase>
<testcase name="Shopping Cart Tests › Cart Calculations › should calculate shipping correctly" classname="shopping-cart.spec.js" time="0">
<skipped>
</skipped>
</testcase>
<testcase name="Shopping Cart Tests › Cart Calculations › should apply free shipping threshold" classname="shopping-cart.spec.js" time="0">
<skipped>
</skipped>
</testcase>
<testcase name="Shopping Cart Tests › Cart Calculations › should show free shipping progress" classname="shopping-cart.spec.js" time="0">
<skipped>
</skipped>
</testcase>
<testcase name="Shopping Cart Tests › Cart Persistence and State › should persist cart across page refreshes" classname="shopping-cart.spec.js" time="0">
<skipped>
</skipped>
</testcase>
<testcase name="Shopping Cart Tests › Cart Persistence and State › should persist cart across browser sessions" classname="shopping-cart.spec.js" time="0">
<skipped>
</skipped>
</testcase>
<testcase name="Shopping Cart Tests › Cart Persistence and State › should merge cart when user logs in" classname="shopping-cart.spec.js" time="0">
<skipped>
</skipped>
</testcase>
<testcase name="Shopping Cart Tests › Cart UI and UX › should show loading state during cart operations" classname="shopping-cart.spec.js" time="0">
<skipped>
</skipped>
</testcase>
<testcase name="Shopping Cart Tests › Cart UI and UX › should show cart item count in navigation" classname="shopping-cart.spec.js" time="0">
<skipped>
</skipped>
</testcase>
<testcase name="Shopping Cart Tests › Cart UI and UX › should provide continue shopping functionality" classname="shopping-cart.spec.js" time="0">
<skipped>
</skipped>
</testcase>
<testcase name="Shopping Cart Tests › Cart UI and UX › should show product details in cart" classname="shopping-cart.spec.js" time="0">
<skipped>
</skipped>
</testcase>
</testsuite>
<testsuite name="simple.spec.js" timestamp="2025-08-24T13:53:16.825Z" hostname="edge" tests="2" failures="0" skipped="2" time="0" errors="0">
<testcase name="simple test to verify setup" classname="simple.spec.js" time="0">
<skipped>
</skipped>
</testcase>
<testcase name="basic navigation test" classname="simple.spec.js" time="0">
<skipped>
</skipped>
</testcase>
</testsuite>
<testsuite name="smoke.spec.js" timestamp="2025-08-24T13:53:16.825Z" hostname="edge" tests="3" failures="0" skipped="3" time="0" errors="0">
<testcase name="Smoke Tests › should load a working page" classname="smoke.spec.js" time="0">
<skipped>
</skipped>
</testcase>
<testcase name="Smoke Tests › should have basic navigation" classname="smoke.spec.js" time="0">
<skipped>
</skipped>
</testcase>
<testcase name="Smoke Tests › should handle multiple browsers" classname="smoke.spec.js" time="0">
<skipped>
</skipped>
</testcase>
</testsuite>
<testsuite name="test-data-demo.spec.js" timestamp="2025-08-24T13:53:16.825Z" hostname="edge" tests="9" failures="0" skipped="9" time="0" errors="0">
<testcase name="Test Data Management System Demo › should load and use fixture data for user registration" classname="test-data-demo.spec.js" time="0">
<skipped>
</skipped>
</testcase>
<testcase name="Test Data Management System Demo › should generate unique user data dynamically" classname="test-data-demo.spec.js" time="0">
<skipped>
</skipped>
</testcase>
<testcase name="Test Data Management System Demo › should handle product test data scenarios" classname="test-data-demo.spec.js" time="0">
<skipped>
</skipped>
</testcase>
<testcase name="Test Data Management System Demo › should create complete scenario data for shopping cart" classname="test-data-demo.spec.js" time="0">
<skipped>
</skipped>
</testcase>
<testcase name="Test Data Management System Demo › should handle checkout scenarios with payment methods" classname="test-data-demo.spec.js" time="0">
<skipped>
</skipped>
</testcase>
<testcase name="Test Data Management System Demo › should generate bulk test data efficiently" classname="test-data-demo.spec.js" time="0">
<skipped>
</skipped>
</testcase>
<testcase name="Test Data Management System Demo › should create custom test data requirements" classname="test-data-demo.spec.js" time="0">
<skipped>
</skipped>
</testcase>
<testcase name="Test Data Management System Demo › should provide test data statistics and environment info" classname="test-data-demo.spec.js" time="0">
<skipped>
</skipped>
</testcase>
<testcase name="Test Data Management System Demo › should handle data validation and error scenarios" classname="test-data-demo.spec.js" time="0">
<skipped>
</skipped>
</testcase>
</testsuite>
<testsuite name="todomvc-demo.spec.js" timestamp="2025-08-24T13:53:16.825Z" hostname="edge" tests="5" failures="0" skipped="5" time="0" errors="0">
<testcase name="TodoMVC Demo Tests › should load TodoMVC application successfully" classname="todomvc-demo.spec.js" time="0">
<skipped>
</skipped>
</testcase>
<testcase name="TodoMVC Demo Tests › should add a new todo item" classname="todomvc-demo.spec.js" time="0">
<skipped>
</skipped>
</testcase>
<testcase name="TodoMVC Demo Tests › should mark todo as completed" classname="todomvc-demo.spec.js" time="0">
<skipped>
</skipped>
</testcase>
<testcase name="TodoMVC Demo Tests › should filter todos by status" classname="todomvc-demo.spec.js" time="0">
<skipped>
</skipped>
</testcase>
<testcase name="TodoMVC Demo Tests › should demonstrate error handling" classname="todomvc-demo.spec.js" time="0">
<skipped>
</skipped>
</testcase>
</testsuite>
<testsuite name="user-registration.spec.js" timestamp="2025-08-24T13:53:16.825Z" hostname="edge" tests="19" failures="0" skipped="19" time="0" errors="0">
<testcase name="User Registration Tests › Positive Registration Scenarios › should successfully register a new user with valid data" classname="user-registration.spec.js" time="0">
<skipped>
</skipped>
</testcase>
<testcase name="User Registration Tests › Positive Registration Scenarios › should register user with minimal required fields only" classname="user-registration.spec.js" time="0">
<skipped>
</skipped>
</testcase>
<testcase name="User Registration Tests › Positive Registration Scenarios › should register user with all optional fields filled" classname="user-registration.spec.js" time="0">
<skipped>
</skipped>
</testcase>
<testcase name="User Registration Tests › Positive Registration Scenarios › should handle special characters in name fields" classname="user-registration.spec.js" time="0">
<skipped>
</skipped>
</testcase>
<testcase name="User Registration Tests › Positive Registration Scenarios › should register user with international phone number" classname="user-registration.spec.js" time="0">
<skipped>
</skipped>
</testcase>
<testcase name="User Registration Tests › Negative Registration Scenarios › should show validation errors for empty required fields" classname="user-registration.spec.js" time="0">
<skipped>
</skipped>
</testcase>
<testcase name="User Registration Tests › Negative Registration Scenarios › should show error for invalid email format" classname="user-registration.spec.js" time="0">
<skipped>
</skipped>
</testcase>
<testcase name="User Registration Tests › Negative Registration Scenarios › should show error for weak password" classname="user-registration.spec.js" time="0">
<skipped>
</skipped>
</testcase>
<testcase name="User Registration Tests › Negative Registration Scenarios › should show error for mismatched password confirmation" classname="user-registration.spec.js" time="0">
<skipped>
</skipped>
</testcase>
<testcase name="User Registration Tests › Negative Registration Scenarios › should show error for existing email address" classname="user-registration.spec.js" time="0">
<skipped>
</skipped>
</testcase>
<testcase name="User Registration Tests › Negative Registration Scenarios › should show error for invalid phone number format" classname="user-registration.spec.js" time="0">
<skipped>
</skipped>
</testcase>
<testcase name="User Registration Tests › Negative Registration Scenarios › should show error for names that are too long" classname="user-registration.spec.js" time="0">
<skipped>
</skipped>
</testcase>
<testcase name="User Registration Tests › Negative Registration Scenarios › should prevent registration with malicious input (XSS)" classname="user-registration.spec.js" time="0">
<skipped>
</skipped>
</testcase>
<testcase name="User Registration Tests › Registration Form Validation › should show real-time validation for email field" classname="user-registration.spec.js" time="0">
<skipped>
</skipped>
</testcase>
<testcase name="User Registration Tests › Registration Form Validation › should show password strength indicator" classname="user-registration.spec.js" time="0">
<skipped>
</skipped>
</testcase>
<testcase name="User Registration Tests › Registration Form Validation › should toggle password visibility" classname="user-registration.spec.js" time="0">
<skipped>
</skipped>
</testcase>
<testcase name="User Registration Tests › Registration Flow Integration › should redirect to login page after successful registration" classname="user-registration.spec.js" time="0">
<skipped>
</skipped>
</testcase>
<testcase name="User Registration Tests › Registration Flow Integration › should allow user to login immediately after registration" classname="user-registration.spec.js" time="0">
<skipped>
</skipped>
</testcase>
<testcase name="User Registration Tests › Registration Flow Integration › should handle registration during checkout flow" classname="user-registration.spec.js" time="0">
<skipped>
</skipped>
</testcase>
</testsuite>
<testsuite name="visual-regression.spec.js" timestamp="2025-08-24T13:53:16.825Z" hostname="edge" tests="28" failures="0" skipped="28" time="0" errors="0">
<testcase name="Visual Regression Tests › Homepage Visual Tests › should match homepage layout across browsers" classname="visual-regression.spec.js" time="0">
<skipped>
</skipped>
</testcase>
<testcase name="Visual Regression Tests › Homepage Visual Tests › should match homepage header across viewports" classname="visual-regression.spec.js" time="0">
<skipped>
</skipped>
</testcase>
<testcase name="Visual Regression Tests › Homepage Visual Tests › should match navigation menu states" classname="visual-regression.spec.js" time="0">
<skipped>
</skipped>
</testcase>
<testcase name="Visual Regression Tests › Product Catalog Visual Tests › should match product grid layout" classname="visual-regression.spec.js" time="0">
<skipped>
</skipped>
</testcase>
<testcase name="Visual Regression Tests › Product Catalog Visual Tests › should match individual product cards" classname="visual-regression.spec.js" time="0">
<skipped>
</skipped>
</testcase>
<testcase name="Visual Regression Tests › Product Catalog Visual Tests › should match search results layout" classname="visual-regression.spec.js" time="0">
<skipped>
</skipped>
</testcase>
<testcase name="Visual Regression Tests › Product Catalog Visual Tests › should match filter sidebar" classname="visual-regression.spec.js" time="0">
<skipped>
</skipped>
</testcase>
<testcase name="Visual Regression Tests › Shopping Cart Visual Tests › should match empty cart state" classname="visual-regression.spec.js" time="0">
<skipped>
</skipped>
</testcase>
<testcase name="Visual Regression Tests › Shopping Cart Visual Tests › should match cart with items" classname="visual-regression.spec.js" time="0">
<skipped>
</skipped>
</testcase>
<testcase name="Visual Regression Tests › Shopping Cart Visual Tests › should match cart item components" classname="visual-regression.spec.js" time="0">
<skipped>
</skipped>
</testcase>
<testcase name="Visual Regression Tests › Checkout Process Visual Tests › should match checkout form layout" classname="visual-regression.spec.js" time="0">
<skipped>
</skipped>
</testcase>
<testcase name="Visual Regression Tests › Checkout Process Visual Tests › should match form validation states" classname="visual-regression.spec.js" time="0">
<skipped>
</skipped>
</testcase>
<testcase name="Visual Regression Tests › Checkout Process Visual Tests › should match payment form" classname="visual-regression.spec.js" time="0">
<skipped>
</skipped>
</testcase>
<testcase name="Visual Regression Tests › Form Elements Visual Tests › should match login form" classname="visual-regression.spec.js" time="0">
<skipped>
</skipped>
</testcase>
<testcase name="Visual Regression Tests › Form Elements Visual Tests › should match form input states" classname="visual-regression.spec.js" time="0">
<skipped>
</skipped>
</testcase>
<testcase name="Visual Regression Tests › Form Elements Visual Tests › should match button states" classname="visual-regression.spec.js" time="0">
<skipped>
</skipped>
</testcase>
<testcase name="Visual Regression Tests › Responsive Visual Tests › should match layout on desktop-xl" classname="visual-regression.spec.js" time="0">
<skipped>
</skipped>
</testcase>
<testcase name="Visual Regression Tests › Responsive Visual Tests › should match layout on desktop" classname="visual-regression.spec.js" time="0">
<skipped>
</skipped>
</testcase>
<testcase name="Visual Regression Tests › Responsive Visual Tests › should match layout on tablet-landscape" classname="visual-regression.spec.js" time="0">
<skipped>
</skipped>
</testcase>
<testcase name="Visual Regression Tests › Responsive Visual Tests › should match layout on tablet-portrait" classname="visual-regression.spec.js" time="0">
<skipped>
</skipped>
</testcase>
<testcase name="Visual Regression Tests › Responsive Visual Tests › should match layout on mobile-large" classname="visual-regression.spec.js" time="0">
<skipped>
</skipped>
</testcase>
<testcase name="Visual Regression Tests › Responsive Visual Tests › should match layout on mobile-medium" classname="visual-regression.spec.js" time="0">
<skipped>
</skipped>
</testcase>
<testcase name="Visual Regression Tests › Responsive Visual Tests › should match layout on mobile-small" classname="visual-regression.spec.js" time="0">
<skipped>
</skipped>
</testcase>
<testcase name="Visual Regression Tests › Responsive Visual Tests › should match mobile navigation menu" classname="visual-regression.spec.js" time="0">
<skipped>
</skipped>
</testcase>
<testcase name="Visual Regression Tests › Error State Visual Tests › should match 404 error page" classname="visual-regression.spec.js" time="0">
<skipped>
</skipped>
</testcase>
<testcase name="Visual Regression Tests › Error State Visual Tests › should match network error states" classname="visual-regression.spec.js" time="0">
<skipped>
</skipped>
</testcase>
<testcase name="Visual Regression Tests › Loading State Visual Tests › should match loading indicators" classname="visual-regression.spec.js" time="0">
<skipped>
</skipped>
</testcase>
<testcase name="Visual Regression Tests › Loading State Visual Tests › should match skeleton loading states" classname="visual-regression.spec.js" time="0">
<skipped>
</skipped>
</testcase>
</testsuite>
</testsuites>